<?xml version="1.0" encoding="UTF-8"?>
<!-- Generated by org.testng.reporters.JUnitReportReporter -->
<testsuite hostname="ASHWIN" failures="0" tests="1" name="QueryAndPath.CookieTesting" time="1.395" errors="0" timestamp="2023-09-16T23:49:20 IST" skipped="0">
  <testcase classname="QueryAndPath.CookieTesting" name="cookieTesting" time="1.395"/>
</testsuite> <!-- QueryAndPath.CookieTesting -->
