<?xml version="1.0" encoding="UTF-8"?>
<!-- Generated by org.testng.reporters.JUnitReportReporter -->
<testsuite hostname="ASHWIN" failures="0" tests="2" name="RestAssured.PostRequestThroughDifferentMethods.copy.postRequestThroughJsonLib" time="2.178" errors="0" timestamp="2023-09-16T19:49:04 IST" skipped="0">
  <testcase classname="RestAssured.PostRequestThroughDifferentMethods.copy.postRequestThroughJsonLib" name="postStudentsJsonLibrary" time="2.120"/>
  <testcase classname="RestAssured.PostRequestThroughDifferentMethods.copy.postRequestThroughJsonLib" name="deleteRequest" time="0.058"/>
</testsuite> <!-- RestAssured.PostRequestThroughDifferentMethods.copy.postRequestThroughJsonLib -->
