<?xml version="1.0" encoding="UTF-8"?>
<!-- Generated by org.testng.reporters.JUnitReportReporter -->
<testsuite hostname="ASHWIN" failures="0" tests="1" name="jsonValidation.ThirdApproach" time="1.336" errors="0" timestamp="2023-09-21T19:54:02 IST" skipped="0">
  <testcase classname="jsonValidation.ThirdApproach" name="validateJsonResponse" time="1.336"/>
</testsuite> <!-- jsonValidation.ThirdApproach -->
