<?xml version="1.0" encoding="UTF-8"?>
<!-- Generated by org.testng.reporters.JUnitReportReporter -->
<testsuite hostname="ASHWIN" failures="0" tests="1" name="ApiChaining.GetRequest" time="0.168" errors="0" timestamp="2023-09-25T19:42:29 IST" skipped="0">
  <testcase classname="ApiChaining.GetRequest" name="getUser" time="0.168"/>
</testsuite> <!-- ApiChaining.GetRequest -->
