<?xml version="1.0" encoding="UTF-8"?>
<!-- Generated by org.testng.reporters.JUnitReportReporter -->
<testsuite hostname="ASHWIN" failures="0" tests="1" name="QueryAndPath.PathAndQueryParameters" time="2.132" errors="0" timestamp="2023-09-16T23:12:42 IST" skipped="0">
  <testcase classname="QueryAndPath.PathAndQueryParameters" name="testQueryAndPathParameters" time="2.132"/>
</testsuite> <!-- QueryAndPath.PathAndQueryParameters -->
