<?xml version="1.0" encoding="UTF-8"?>
<!-- Generated by org.testng.reporters.JUnitReportReporter -->
<testsuite hostname="ASHWIN" failures="0" tests="2" name="RestAssured.postRequestBodyThroughHashMap" time="2.130" errors="0" timestamp="2023-09-16T19:30:37 IST" skipped="0">
  <testcase classname="RestAssured.postRequestBodyThroughHashMap" name="postStudentsRequest" time="2.071"/>
  <testcase classname="RestAssured.postRequestBodyThroughHashMap" name="deleteRequest" time="0.059"/>
</testsuite> <!-- RestAssured.postRequestBodyThroughHashMap -->
