<?xml version="1.0" encoding="UTF-8"?>
<!-- Generated by org.testng.reporters.JUnitReportReporter -->
<testsuite hostname="ASHWIN" failures="0" tests="1" name="jsonValidation.FirstApproach" time="2.139" errors="0" timestamp="2023-09-21T18:46:25 IST" skipped="0">
  <testcase classname="jsonValidation.FirstApproach" name="validateJsonResponse" time="2.139"/>
</testsuite> <!-- jsonValidation.FirstApproach -->
