<?xml version="1.0" encoding="UTF-8"?>
<!-- Generated by org.testng.reporters.JUnitReportReporter -->
<testsuite hostname="ASHWIN" failures="0" tests="1" name="jsonValidation.SecondValidation" time="2.116" errors="0" timestamp="2023-09-21T18:46:54 IST" skipped="0">
  <testcase classname="jsonValidation.SecondValidation" name="validateJsonResponse" time="2.116"/>
</testsuite> <!-- jsonValidation.SecondValidation -->
