<?xml version="1.0" encoding="UTF-8"?>
<!-- Generated by org.testng.reporters.JUnitReportReporter -->
<testsuite hostname="ASHWIN" failures="0" tests="1" name="RestAssured.PostRequestThroughDifferentMethods.copy.postRequestBodyThroughHashMap" time="1.344" errors="0" timestamp="2023-09-16T20:17:40 IST" skipped="0">
  <testcase classname="RestAssured.PostRequestThroughDifferentMethods.copy.postRequestBodyThroughHashMap" name="deleteRequest" time="1.344"/>
</testsuite> <!-- RestAssured.PostRequestThroughDifferentMethods.copy.postRequestBodyThroughHashMap -->
