<?xml version="1.0" encoding="UTF-8"?>
<!-- Generated by org.testng.reporters.JUnitReportReporter -->
<testsuite hostname="ASHWIN" failures="0" tests="4" name="RestAssured.httpRequest" time="4.210" errors="0" timestamp="2023-09-16T19:00:01 IST" skipped="0">
  <testcase classname="RestAssured.httpRequest" name="getUsers" time="2.523"/>
  <testcase classname="RestAssured.httpRequest" name="enterUser" time="0.864"/>
  <testcase classname="RestAssured.httpRequest" name="updateUser" time="0.407"/>
  <testcase classname="RestAssured.httpRequest" name="deleteUser" time="0.416"/>
</testsuite> <!-- RestAssured.httpRequest -->
