<?xml version="1.0" encoding="UTF-8"?>
<!-- Generated by org.testng.reporters.JUnitReportReporter -->
<testsuite hostname="ASHWIN" failures="0" tests="1" name="jsonValidation.jsonResponseusingMatchers" time="2.042" errors="0" timestamp="2023-09-21T18:39:26 IST" skipped="0">
  <testcase classname="jsonValidation.jsonResponseusingMatchers" name="validateJsonResponse" time="2.042"/>
</testsuite> <!-- jsonValidation.jsonResponseusingMatchers -->
