<?xml version="1.0" encoding="UTF-8"?>
<!-- Generated by org.testng.reporters.JUnitReportReporter -->
<testsuite hostname="ASHWIN" failures="0" tests="4" name="day1" time="3.268" errors="0" timestamp="2023-09-16T16:21:58 IST" skipped="0">
  <testcase classname="day1" name="getUsers" time="1.740"/>
  <testcase classname="day1" name="enterUser" time="0.692"/>
  <testcase classname="day1" name="updateUser" time="0.424"/>
  <testcase classname="day1" name="deleteUser" time="0.412"/>
</testsuite> <!-- day1 -->
