<?xml version="1.0" encoding="UTF-8"?>
<!-- Generated by org.testng.reporters.JUnitReportReporter -->
<testsuite hostname="ASHWIN" failures="0" tests="2" name="RestAssured.PostRequestThroughDifferentMethods.copy.pojo_AccessPostRequest" time="2.282" errors="0" timestamp="2023-09-16T20:10:57 IST" skipped="0">
  <testcase classname="RestAssured.PostRequestThroughDifferentMethods.copy.pojo_AccessPostRequest" name="postStudentsRequest" time="2.238"/>
  <testcase classname="RestAssured.PostRequestThroughDifferentMethods.copy.pojo_AccessPostRequest" name="deleteRequest" time="0.044"/>
</testsuite> <!-- RestAssured.PostRequestThroughDifferentMethods.copy.pojo_AccessPostRequest -->
