<?xml version="1.0" encoding="UTF-8"?>
<!-- Generated by org.testng.reporters.JUnitReportReporter -->
<testsuite hostname="ASHWIN" failures="0" tests="2" name="RestAssured.PostRequestThroughDifferentMethods.copy.External_JsonFile" time="2.589" errors="0" timestamp="2023-09-16T22:36:24 IST" skipped="0">
  <testcase classname="RestAssured.PostRequestThroughDifferentMethods.copy.External_JsonFile" name="PostRequest" time="2.503"/>
  <testcase classname="RestAssured.PostRequestThroughDifferentMethods.copy.External_JsonFile" name="deleteRequest" time="0.086"/>
</testsuite> <!-- RestAssured.PostRequestThroughDifferentMethods.copy.External_JsonFile -->
